<?xml version="1.0" encoding="UTF-8" ?>
<testsuites>
 <testsuite name="Testing Caliber Home Page" timestamp="2018-05-31T13:32:01" hostname="localhost" time="5.552" errors="0" tests="0" skipped="0" failures="0">
 </testsuite>
 <testsuite name="Testing Caliber Home Page.Are we at the right website?" timestamp="2018-05-31T13:32:05" hostname="localhost" time="0.481" errors="0" tests="2" skipped="0" failures="0">
  <testcase classname="Testing Caliber Home Page.Are we at the right website?" name="We are at caliber right?" time="0.243">
  </testcase>
  <testcase classname="Testing Caliber Home Page.Are we at the right website?" name="This should be the home page" time="0.237">
  </testcase>
 </testsuite>
 <testsuite name="Testing Caliber Home Page.Take me to the Manage Batch page" timestamp="2018-05-31T13:32:06" hostname="localhost" time="0.922" errors="0" tests="1" skipped="0" failures="0">
  <testcase classname="Testing Caliber Home Page.Take me to the Manage Batch page" name="Should take us to to the Manage Batch Page" time="0.922">
  </testcase>
 </testsuite>
 <testsuite name="Testing manage page" timestamp="2018-05-31T13:32:07" hostname="localhost" time="12.339" errors="0" tests="0" skipped="0" failures="0">
 </testsuite>
 <testsuite name="Testing manage page.Just making sure we are at the correct page" timestamp="2018-05-31T13:32:07" hostname="localhost" time="0.182" errors="0" tests="1" skipped="0" failures="0">
  <testcase classname="Testing manage page.Just making sure we are at the correct page" name="user should be at the manage page" time="0.182">
  </testcase>
 </testsuite>
 <testsuite name="Testing manage page.Testing dropdown for year" timestamp="2018-05-31T13:32:07" hostname="localhost" time="1.437" errors="0" tests="1" skipped="0" failures="0">
  <testcase classname="Testing manage page.Testing dropdown for year" name="should cycle through all options in the dropdown" time="1.435">
  </testcase>
 </testsuite>
 <testsuite name="Testing manage page.Creating a new batch" timestamp="2018-05-31T13:32:08" hostname="localhost" time="10.144" errors="0" tests="12" skipped="0" failures="0">
  <testcase classname="Testing manage page.Creating a new batch" name="user clicks on the create batch button" time="0.27">
  </testcase>
  <testcase classname="Testing manage page.Creating a new batch" name="user inputs information about the new batch" time="0.516">
  </testcase>
  <testcase classname="Testing manage page.Creating a new batch" name="user selects training type" time="0.711">
  </testcase>
  <testcase classname="Testing manage page.Creating a new batch" name="user selects skill type" time="1.687">
  </testcase>
  <testcase classname="Testing manage page.Creating a new batch" name="user selects a location" time="0.5">
  </testcase>
  <testcase classname="Testing manage page.Creating a new batch" name="user selects a trainer" time="2.069">
  </testcase>
  <testcase classname="Testing manage page.Creating a new batch" name="user selects a trainer" time="2.082">
  </testcase>
  <testcase classname="Testing manage page.Creating a new batch" name="user selects a start date" time="0.518">
  </testcase>
  <testcase classname="Testing manage page.Creating a new batch" name="user selects an end date" time="0.387">
  </testcase>
  <testcase classname="Testing manage page.Creating a new batch" name="user selects a good grade" time="0.769">
  </testcase>
  <testcase classname="Testing manage page.Creating a new batch" name="user clicks the save button" time="0.262">
  </testcase>
  <testcase classname="Testing manage page.Creating a new batch" name="user saves the batch" time="0.372">
  </testcase>
 </testsuite>
 <testsuite name="Testing manage page.A user adds a Trainee" timestamp="2018-05-31T13:32:19" hostname="localhost" time="0.576" errors="0" tests="1" skipped="0" failures="0">
  <testcase classname="Testing manage page.A user adds a Trainee" name="clicks on add " time="0.576">
  </testcase>
 </testsuite>
</testsuites>