<?xml version="1.0" encoding="UTF-8"?>
<!-- Generated by org.testng.reporters.JUnitXMLReporter -->
<testsuite hostname="LAPTOP-V6K3QTEF" name="Default test" tests="3" failures="0" timestamp="26 May 2018 21:47:47 GMT" time="320.824" errors="0">
  <testcase name="feature" time="123.102" classname="com.revature.runners.TestNGRunner"/>
  <testcase name="feature" time="87.996" classname="com.revature.runners.TestNGRunner"/>
  <testcase name="feature" time="109.438" classname="com.revature.runners.TestNGRunner"/>
</testsuite> <!-- Default test -->
