<?xml version="1.0" encoding="UTF-8"?>
<testng-results skipped="0" failed="0" total="2" passed="2">
  <reporter-output>
  </reporter-output>
  <suite name="Default suite" duration-ms="177339" started-at="2018-05-26T14:18:15Z" finished-at="2018-05-26T14:21:12Z">
    <groups>
      <group name="cucumber">
        <method signature="AbstractTestNGCucumberTests.feature(cucumber.api.testng.CucumberFeatureWrapper)[pri:0, instance:com.revature.runners.TestNGRunner@146ba0ac]" name="feature" class="cucumber.api.testng.AbstractTestNGCucumberTests"/>
      </group> <!-- cucumber -->
    </groups>
    <test name="Default test" duration-ms="177339" started-at="2018-05-26T14:18:15Z" finished-at="2018-05-26T14:21:12Z">
      <class name="com.revature.runners.TestNGRunner">
        <test-method status="PASS" signature="setUpClass()[pri:0, instance:com.revature.runners.TestNGRunner@146ba0ac]" name="setUpClass" is-config="true" duration-ms="210" started-at="2018-05-26T10:18:15Z" finished-at="2018-05-26T10:18:15Z">
          <reporter-output>
          </reporter-output>
        </test-method> <!-- setUpClass -->
        <test-method status="PASS" signature="feature(cucumber.api.testng.CucumberFeatureWrapper)[pri:0, instance:com.revature.runners.TestNGRunner@146ba0ac]" name="feature" duration-ms="122846" started-at="2018-05-26T10:18:15Z" description="Runs Cucumber Feature" data-provider="features" finished-at="2018-05-26T10:20:18Z">
          <params>
            <param index="0">
              <value>
                <![CDATA[Testing the hyperlinks for revature]]>
              </value>
            </param>
          </params>
          <reporter-output>
          </reporter-output>
        </test-method> <!-- feature -->
        <test-method status="PASS" signature="feature(cucumber.api.testng.CucumberFeatureWrapper)[pri:0, instance:com.revature.runners.TestNGRunner@146ba0ac]" name="feature" duration-ms="54201" started-at="2018-05-26T10:20:18Z" description="Runs Cucumber Feature" data-provider="features" finished-at="2018-05-26T10:21:12Z">
          <params>
            <param index="0">
              <value>
                <![CDATA[Testing the buttons that bring up menus]]>
              </value>
            </param>
          </params>
          <reporter-output>
          </reporter-output>
        </test-method> <!-- feature -->
        <test-method status="PASS" signature="tearDownClass()[pri:0, instance:com.revature.runners.TestNGRunner@146ba0ac]" name="tearDownClass" is-config="true" duration-ms="2" started-at="2018-05-26T10:21:12Z" finished-at="2018-05-26T10:21:12Z">
          <reporter-output>
          </reporter-output>
        </test-method> <!-- tearDownClass -->
      </class> <!-- com.revature.runners.TestNGRunner -->
    </test> <!-- Default test -->
  </suite> <!-- Default suite -->
</testng-results>
